<?xml version="1.0" encoding="UTF-8"?>
<!-- Generated by org.testng.reporters.JUnitReportReporter -->
<testsuite hostname="DESKTOP-FSVBQOO" failures="0" tests="4" name="com.opencart.user.User_04_Search_Or_Advanced_Search" time="27.086" errors="0" timestamp="2024-09-23T17:45:40 ICT" skipped="0">
  <testcase classname="com.opencart.user.User_04_Search_Or_Advanced_Search" name="User_03_Search_With_Product_Name_Relatively" time="5.316"/>
  <testcase classname="com.opencart.user.User_04_Search_Or_Advanced_Search" name="User_01_Search_With_Empty_Data" time="5.526"/>
  <testcase classname="com.opencart.user.User_04_Search_Or_Advanced_Search" name="User_04_Search_With_Product_Name_Relatively_With_Parent_Categories" time="11.082"/>
  <testcase classname="com.opencart.user.User_04_Search_Or_Advanced_Search" name="User_02_Search_With_Data_No_Exist" time="5.162"/>
</testsuite> <!-- com.opencart.user.User_04_Search_Or_Advanced_Search -->
