<?xml version="1.0" encoding="UTF-8"?>
<!-- Generated by org.testng.reporters.JUnitReportReporter -->
<testsuite hostname="DESKTOP-FSVBQOO" failures="0" tests="6" name="com.opencart.user.User_01_Register" time="110.718" errors="0" timestamp="2024-09-23T23:51:30 ICT" skipped="0">
  <testcase classname="com.opencart.user.User_01_Register" name="User_02_Register_With_Invalid_Email" time="20.049"/>
  <testcase classname="com.opencart.user.User_01_Register" name="User_05_Register_With_Password_Less_Than_4_Characters" time="19.957"/>
  <testcase classname="com.opencart.user.User_01_Register" name="User_01_Register_With_Empty_Data" time="7.107"/>
  <testcase classname="com.opencart.user.User_01_Register" name="User_03_Register_With_Successful_Information" time="20.250"/>
  <testcase classname="com.opencart.user.User_01_Register" name="User_04_Register_With_Existed_Email" time="23.700"/>
  <testcase classname="com.opencart.user.User_01_Register" name="User_06_Register_With_Password_More_Than_20_Characters" time="19.655"/>
</testsuite> <!-- com.opencart.user.User_01_Register -->
