<?xml version="1.0" encoding="UTF-8"?>
<!-- Generated by org.testng.reporters.JUnitReportReporter -->
<testsuite hostname="DESKTOP-FSVBQOO" failures="0" tests="8" name="com.opencart.user.User_07_Order" time="259.489" errors="0" timestamp="2024-09-23T17:45:40 ICT" skipped="0">
  <testcase classname="com.opencart.user.User_07_Order" name="User_04_Update_Shopping_Cart" time="4.013"/>
  <testcase classname="com.opencart.user.User_07_Order" name="User_06_Checkout_Order_With_Shipping_And_Payment_By_Card" time="29.907"/>
  <testcase classname="com.opencart.user.User_07_Order" name="User_07_Checkout_Order_With_Shipping_And_Payment_By_Cash" time="76.439"/>
  <testcase classname="com.opencart.user.User_07_Order" name="User_05_Checkout_Order_With_New_Address" time="45.783"/>
  <testcase classname="com.opencart.user.User_07_Order" name="User_03_Remove_From_Cart" time="17.272"/>
  <testcase classname="com.opencart.user.User_07_Order" name="User_08_Re_Order" time="21.064"/>
  <testcase classname="com.opencart.user.User_07_Order" name="User_01_Add_Produce_To_Cart" time="41.222"/>
  <testcase classname="com.opencart.user.User_07_Order" name="User_02_Add_Info_In_Equiry_Form" time="23.789"/>
</testsuite> <!-- com.opencart.user.User_07_Order -->
