<?xml version="1.0" encoding="UTF-8"?>
<!-- Generated by org.testng.reporters.JUnitReportReporter -->
<testsuite hostname="DESKTOP-FSVBQOO" failures="0" tests="5" name="com.opencart.user.User_02_Login" time="62.582" errors="0" timestamp="2024-09-23T17:45:40 ICT" skipped="0">
  <testcase classname="com.opencart.user.User_02_Login" name="User_03_Login_With_Unsigned_Email" time="14.676"/>
  <testcase classname="com.opencart.user.User_02_Login" name="User_04_Login_With_registered_Email_And_Empty_Password" time="11.149"/>
  <testcase classname="com.opencart.user.User_02_Login" name="User_02_Login_With_Invalid_Email" time="14.932"/>
  <testcase classname="com.opencart.user.User_02_Login" name="User_01_Login_With_Empty_Data" time="7.221"/>
  <testcase classname="com.opencart.user.User_02_Login" name="User_05_Login_With_Right_Password_And_Email" time="14.604"/>
</testsuite> <!-- com.opencart.user.User_02_Login -->
