<?xml version="1.0" encoding="UTF-8"?>
<!-- Generated by org.testng.reporters.JUnitReportReporter -->
<testsuite hostname="DESKTOP-FSVBQOO" failures="0" tests="6" name="com.opencart.user.User_05_Sort_Displayed_Paging" time="11.279" errors="0" timestamp="2024-09-23T17:45:40 ICT" skipped="0">
  <testcase classname="com.opencart.user.User_05_Sort_Displayed_Paging" name="User_03_Sort_With_Price_Low_To_High" time="1.902"/>
  <testcase classname="com.opencart.user.User_05_Sort_Displayed_Paging" name="User_06_Display_With_12_Items_One_Page" time="0.689"/>
  <testcase classname="com.opencart.user.User_05_Sort_Displayed_Paging" name="User_05_Display_With_10_Items_One_Page" time="1.419"/>
  <testcase classname="com.opencart.user.User_05_Sort_Displayed_Paging" name="User_04_Sort_With_Price_High_To_Low" time="2.211"/>
  <testcase classname="com.opencart.user.User_05_Sort_Displayed_Paging" name="User_01_Sort_With_Name_A_To_Z" time="3.680"/>
  <testcase classname="com.opencart.user.User_05_Sort_Displayed_Paging" name="User_02_Sort_With_Name_Z_To_A" time="1.378"/>
</testsuite> <!-- com.opencart.user.User_05_Sort_Displayed_Paging -->
