<?xml version="1.0" encoding="UTF-8"?>
<!-- Generated by org.testng.reporters.JUnitReportReporter -->
<testsuite hostname="DESKTOP-FSVBQOO" failures="0" tests="4" name="com.opencart.user.User_03_My_Account" time="123.026" errors="0" timestamp="2024-09-23T17:45:40 ICT" skipped="0">
  <testcase classname="com.opencart.user.User_03_My_Account" name="User_02_Add_Book_Address" time="43.501"/>
  <testcase classname="com.opencart.user.User_03_My_Account" name="User_01_Update_Customer_Info" time="15.812"/>
  <testcase classname="com.opencart.user.User_03_My_Account" name="User_03_Change_Password" time="45.386"/>
  <testcase classname="com.opencart.user.User_03_My_Account" name="User_04_WishList_Page" time="18.327"/>
</testsuite> <!-- com.opencart.user.User_03_My_Account -->
